<?xml version="1.0" encoding="UTF-8"?>
<testsuites>
  <testsuite name="" tests="65" assertions="128" errors="4" warnings="0" failures="2" skipped="0" time="4.597732">
    <testsuite name="Application" tests="65" assertions="128" errors="4" warnings="0" failures="2" skipped="0" time="4.597732">
      <testsuite name="App\Test\Application\Controller\DespesaControllerTest" file="C:\Users\Pichau\Documents\Workspace\Projetos\api-controle-orcamento\tests\Application\Controller\DespesaControllerTest.php" tests="30" assertions="63" errors="0" warnings="0" failures="0" skipped="0" time="1.972124">
        <testsuite name="App\Test\Application\Controller\DespesaControllerTest::testCreateAction" tests="9" assertions="18" errors="0" warnings="0" failures="0" skipped="0" time="1.057220">
          <testcase name="testCreateAction with data set &quot;teste cadastro realizado&quot;" class="App\Test\Application\Controller\DespesaControllerTest" classname="App.Test.Application.Controller.DespesaControllerTest" file="C:\Users\Pichau\Documents\Workspace\Projetos\api-controle-orcamento\tests\Application\Controller\DespesaControllerTest.php" line="39" assertions="2" time="0.460198"/>
          <testcase name="testCreateAction with data set &quot;teste cadastro realizado sem informar categoria&quot;" class="App\Test\Application\Controller\DespesaControllerTest" classname="App.Test.Application.Controller.DespesaControllerTest" file="C:\Users\Pichau\Documents\Workspace\Projetos\api-controle-orcamento\tests\Application\Controller\DespesaControllerTest.php" line="39" assertions="2" time="0.074112"/>
          <testcase name="testCreateAction with data set &quot;teste cadastro duplicado no mês&quot;" class="App\Test\Application\Controller\DespesaControllerTest" classname="App.Test.Application.Controller.DespesaControllerTest" file="C:\Users\Pichau\Documents\Workspace\Projetos\api-controle-orcamento\tests\Application\Controller\DespesaControllerTest.php" line="39" assertions="2" time="0.072724"/>
          <testcase name="testCreateAction with data set &quot;teste cadastro descrição inválida&quot;" class="App\Test\Application\Controller\DespesaControllerTest" classname="App.Test.Application.Controller.DespesaControllerTest" file="C:\Users\Pichau\Documents\Workspace\Projetos\api-controle-orcamento\tests\Application\Controller\DespesaControllerTest.php" line="39" assertions="2" time="0.076548"/>
          <testcase name="testCreateAction with data set &quot;teste cadastro valor inválido&quot;" class="App\Test\Application\Controller\DespesaControllerTest" classname="App.Test.Application.Controller.DespesaControllerTest" file="C:\Users\Pichau\Documents\Workspace\Projetos\api-controle-orcamento\tests\Application\Controller\DespesaControllerTest.php" line="39" assertions="2" time="0.074449"/>
          <testcase name="testCreateAction with data set &quot;teste cadastro valor negativo&quot;" class="App\Test\Application\Controller\DespesaControllerTest" classname="App.Test.Application.Controller.DespesaControllerTest" file="C:\Users\Pichau\Documents\Workspace\Projetos\api-controle-orcamento\tests\Application\Controller\DespesaControllerTest.php" line="39" assertions="2" time="0.072044"/>
          <testcase name="testCreateAction with data set &quot;teste cadastro data inválida&quot;" class="App\Test\Application\Controller\DespesaControllerTest" classname="App.Test.Application.Controller.DespesaControllerTest" file="C:\Users\Pichau\Documents\Workspace\Projetos\api-controle-orcamento\tests\Application\Controller\DespesaControllerTest.php" line="39" assertions="2" time="0.073351"/>
          <testcase name="testCreateAction with data set &quot;teste cadastro categoria inválida&quot;" class="App\Test\Application\Controller\DespesaControllerTest" classname="App.Test.Application.Controller.DespesaControllerTest" file="C:\Users\Pichau\Documents\Workspace\Projetos\api-controle-orcamento\tests\Application\Controller\DespesaControllerTest.php" line="39" assertions="2" time="0.076479"/>
          <testcase name="testCreateAction with data set &quot;teste cadastro com campos faltando&quot;" class="App\Test\Application\Controller\DespesaControllerTest" classname="App.Test.Application.Controller.DespesaControllerTest" file="C:\Users\Pichau\Documents\Workspace\Projetos\api-controle-orcamento\tests\Application\Controller\DespesaControllerTest.php" line="39" assertions="2" time="0.077314"/>
        </testsuite>
        <testsuite name="App\Test\Application\Controller\DespesaControllerTest::testReadAllAction" tests="4" assertions="12" errors="0" warnings="0" failures="0" skipped="0" time="0.081498">
          <testcase name="testReadAllAction with data set &quot;busca geral&quot;" class="App\Test\Application\Controller\DespesaControllerTest" classname="App.Test.Application.Controller.DespesaControllerTest" file="C:\Users\Pichau\Documents\Workspace\Projetos\api-controle-orcamento\tests\Application\Controller\DespesaControllerTest.php" line="53" assertions="3" time="0.025833"/>
          <testcase name="testReadAllAction with data set &quot;busca aproximada&quot;" class="App\Test\Application\Controller\DespesaControllerTest" classname="App.Test.Application.Controller.DespesaControllerTest" file="C:\Users\Pichau\Documents\Workspace\Projetos\api-controle-orcamento\tests\Application\Controller\DespesaControllerTest.php" line="53" assertions="3" time="0.020414"/>
          <testcase name="testReadAllAction with data set &quot;busca específica&quot;" class="App\Test\Application\Controller\DespesaControllerTest" classname="App.Test.Application.Controller.DespesaControllerTest" file="C:\Users\Pichau\Documents\Workspace\Projetos\api-controle-orcamento\tests\Application\Controller\DespesaControllerTest.php" line="53" assertions="3" time="0.017937"/>
          <testcase name="testReadAllAction with data set &quot;busca inválida&quot;" class="App\Test\Application\Controller\DespesaControllerTest" classname="App.Test.Application.Controller.DespesaControllerTest" file="C:\Users\Pichau\Documents\Workspace\Projetos\api-controle-orcamento\tests\Application\Controller\DespesaControllerTest.php" line="53" assertions="3" time="0.017314"/>
        </testsuite>
        <testcase name="testReadByIdAction" class="App\Test\Application\Controller\DespesaControllerTest" classname="App.Test.Application.Controller.DespesaControllerTest" file="C:\Users\Pichau\Documents\Workspace\Projetos\api-controle-orcamento\tests\Application\Controller\DespesaControllerTest.php" line="67" assertions="2" time="0.021707"/>
        <testsuite name="App\Test\Application\Controller\DespesaControllerTest::testReadByDateAction" tests="4" assertions="8" errors="0" warnings="0" failures="0" skipped="0" time="0.074210">
          <testcase name="testReadByDateAction with data set &quot;Janeiro de 2022&quot;" class="App\Test\Application\Controller\DespesaControllerTest" classname="App.Test.Application.Controller.DespesaControllerTest" file="C:\Users\Pichau\Documents\Workspace\Projetos\api-controle-orcamento\tests\Application\Controller\DespesaControllerTest.php" line="87" assertions="2" time="0.019565"/>
          <testcase name="testReadByDateAction with data set &quot;Março de 2022&quot;" class="App\Test\Application\Controller\DespesaControllerTest" classname="App.Test.Application.Controller.DespesaControllerTest" file="C:\Users\Pichau\Documents\Workspace\Projetos\api-controle-orcamento\tests\Application\Controller\DespesaControllerTest.php" line="87" assertions="2" time="0.018768"/>
          <testcase name="testReadByDateAction with data set &quot;Março de 2020&quot;" class="App\Test\Application\Controller\DespesaControllerTest" classname="App.Test.Application.Controller.DespesaControllerTest" file="C:\Users\Pichau\Documents\Workspace\Projetos\api-controle-orcamento\tests\Application\Controller\DespesaControllerTest.php" line="87" assertions="2" time="0.018501"/>
          <testcase name="testReadByDateAction with data set &quot;Sem resultado&quot;" class="App\Test\Application\Controller\DespesaControllerTest" classname="App.Test.Application.Controller.DespesaControllerTest" file="C:\Users\Pichau\Documents\Workspace\Projetos\api-controle-orcamento\tests\Application\Controller\DespesaControllerTest.php" line="87" assertions="2" time="0.017376"/>
        </testsuite>
        <testsuite name="App\Test\Application\Controller\DespesaControllerTest::testUpdateAction" tests="9" assertions="18" errors="0" warnings="0" failures="0" skipped="0" time="0.680979">
          <testcase name="testUpdateAction with data set &quot;teste cadastro realizado&quot;" class="App\Test\Application\Controller\DespesaControllerTest" classname="App.Test.Application.Controller.DespesaControllerTest" file="C:\Users\Pichau\Documents\Workspace\Projetos\api-controle-orcamento\tests\Application\Controller\DespesaControllerTest.php" line="103" assertions="2" time="0.077144"/>
          <testcase name="testUpdateAction with data set &quot;teste cadastro realizado sem informar categoria&quot;" class="App\Test\Application\Controller\DespesaControllerTest" classname="App.Test.Application.Controller.DespesaControllerTest" file="C:\Users\Pichau\Documents\Workspace\Projetos\api-controle-orcamento\tests\Application\Controller\DespesaControllerTest.php" line="103" assertions="2" time="0.075514"/>
          <testcase name="testUpdateAction with data set &quot;teste cadastro duplicado no mês&quot;" class="App\Test\Application\Controller\DespesaControllerTest" classname="App.Test.Application.Controller.DespesaControllerTest" file="C:\Users\Pichau\Documents\Workspace\Projetos\api-controle-orcamento\tests\Application\Controller\DespesaControllerTest.php" line="103" assertions="2" time="0.074961"/>
          <testcase name="testUpdateAction with data set &quot;teste cadastro descrição inválida&quot;" class="App\Test\Application\Controller\DespesaControllerTest" classname="App.Test.Application.Controller.DespesaControllerTest" file="C:\Users\Pichau\Documents\Workspace\Projetos\api-controle-orcamento\tests\Application\Controller\DespesaControllerTest.php" line="103" assertions="2" time="0.074652"/>
          <testcase name="testUpdateAction with data set &quot;teste cadastro valor inválido&quot;" class="App\Test\Application\Controller\DespesaControllerTest" classname="App.Test.Application.Controller.DespesaControllerTest" file="C:\Users\Pichau\Documents\Workspace\Projetos\api-controle-orcamento\tests\Application\Controller\DespesaControllerTest.php" line="103" assertions="2" time="0.073914"/>
          <testcase name="testUpdateAction with data set &quot;teste cadastro valor negativo&quot;" class="App\Test\Application\Controller\DespesaControllerTest" classname="App.Test.Application.Controller.DespesaControllerTest" file="C:\Users\Pichau\Documents\Workspace\Projetos\api-controle-orcamento\tests\Application\Controller\DespesaControllerTest.php" line="103" assertions="2" time="0.081155"/>
          <testcase name="testUpdateAction with data set &quot;teste cadastro data inválida&quot;" class="App\Test\Application\Controller\DespesaControllerTest" classname="App.Test.Application.Controller.DespesaControllerTest" file="C:\Users\Pichau\Documents\Workspace\Projetos\api-controle-orcamento\tests\Application\Controller\DespesaControllerTest.php" line="103" assertions="2" time="0.074108"/>
          <testcase name="testUpdateAction with data set &quot;teste cadastro categoria inválida&quot;" class="App\Test\Application\Controller\DespesaControllerTest" classname="App.Test.Application.Controller.DespesaControllerTest" file="C:\Users\Pichau\Documents\Workspace\Projetos\api-controle-orcamento\tests\Application\Controller\DespesaControllerTest.php" line="103" assertions="2" time="0.074621"/>
          <testcase name="testUpdateAction with data set &quot;teste cadastro com campos faltando&quot;" class="App\Test\Application\Controller\DespesaControllerTest" classname="App.Test.Application.Controller.DespesaControllerTest" file="C:\Users\Pichau\Documents\Workspace\Projetos\api-controle-orcamento\tests\Application\Controller\DespesaControllerTest.php" line="103" assertions="2" time="0.074909"/>
        </testsuite>
        <testcase name="testUpdateNotFoundAction" class="App\Test\Application\Controller\DespesaControllerTest" classname="App.Test.Application.Controller.DespesaControllerTest" file="C:\Users\Pichau\Documents\Workspace\Projetos\api-controle-orcamento\tests\Application\Controller\DespesaControllerTest.php" line="121" assertions="2" time="0.017469"/>
        <testcase name="testDeleteAction" class="App\Test\Application\Controller\DespesaControllerTest" classname="App.Test.Application.Controller.DespesaControllerTest" file="C:\Users\Pichau\Documents\Workspace\Projetos\api-controle-orcamento\tests\Application\Controller\DespesaControllerTest.php" line="135" assertions="1" time="0.021260"/>
        <testcase name="testDeleteNotFoundAction" class="App\Test\Application\Controller\DespesaControllerTest" classname="App.Test.Application.Controller.DespesaControllerTest" file="C:\Users\Pichau\Documents\Workspace\Projetos\api-controle-orcamento\tests\Application\Controller\DespesaControllerTest.php" line="158" assertions="2" time="0.017780"/>
      </testsuite>
      <testsuite name="App\Test\Application\Controller\LoginControllerTest" file="C:\Users\Pichau\Documents\Workspace\Projetos\api-controle-orcamento\tests\Application\Controller\LoginControllerTest.php" tests="5" assertions="10" errors="0" warnings="0" failures="2" skipped="0" time="1.357542">
        <testsuite name="App\Test\Application\Controller\LoginControllerTest::testLoginAction" tests="5" assertions="10" errors="0" warnings="0" failures="2" skipped="0" time="1.357542">
          <testcase name="testLoginAction with data set &quot;teste login autenticado&quot;" class="App\Test\Application\Controller\LoginControllerTest" classname="App.Test.Application.Controller.LoginControllerTest" file="C:\Users\Pichau\Documents\Workspace\Projetos\api-controle-orcamento\tests\Application\Controller\LoginControllerTest.php" line="26" assertions="2" time="0.008552"/>
          <testcase name="testLoginAction with data set &quot;teste login senha inválida&quot;" class="App\Test\Application\Controller\LoginControllerTest" classname="App.Test.Application.Controller.LoginControllerTest" file="C:\Users\Pichau\Documents\Workspace\Projetos\api-controle-orcamento\tests\Application\Controller\LoginControllerTest.php" line="26" assertions="2" time="0.009310"/>
          <testcase name="testLoginAction with data set &quot;teste login usuário inválido&quot;" class="App\Test\Application\Controller\LoginControllerTest" classname="App.Test.Application.Controller.LoginControllerTest" file="C:\Users\Pichau\Documents\Workspace\Projetos\api-controle-orcamento\tests\Application\Controller\LoginControllerTest.php" line="26" assertions="2" time="0.006008"/>
          <testcase name="testLoginAction with data set &quot;teste login sem usuário&quot;" class="App\Test\Application\Controller\LoginControllerTest" classname="App.Test.Application.Controller.LoginControllerTest" file="C:\Users\Pichau\Documents\Workspace\Projetos\api-controle-orcamento\tests\Application\Controller\LoginControllerTest.php" line="26" assertions="2" time="0.680064">
            <failure type="PHPUnit\Framework\ExpectationFailedException">App\Test\Application\Controller\LoginControllerTest::testLoginAction with data set "teste login sem usuário" (array('123456'), 400, stdClass Object (...))
Failed on schema validation
Failed asserting that false is true.

C:\Users\Pichau\Documents\Workspace\Projetos\api-controle-orcamento\src\Trait\SchemaValidation.php:14
C:\Users\Pichau\Documents\Workspace\Projetos\api-controle-orcamento\tests\Application\Controller\LoginControllerTest.php:34</failure>
          </testcase>
          <testcase name="testLoginAction with data set &quot;teste login sem senha&quot;" class="App\Test\Application\Controller\LoginControllerTest" classname="App.Test.Application.Controller.LoginControllerTest" file="C:\Users\Pichau\Documents\Workspace\Projetos\api-controle-orcamento\tests\Application\Controller\LoginControllerTest.php" line="26" assertions="2" time="0.653606">
            <failure type="PHPUnit\Framework\ExpectationFailedException">App\Test\Application\Controller\LoginControllerTest::testLoginAction with data set "teste login sem senha" (array('usuario_testes'), 400, stdClass Object (...))
Failed on schema validation
Failed asserting that false is true.

C:\Users\Pichau\Documents\Workspace\Projetos\api-controle-orcamento\src\Trait\SchemaValidation.php:14
C:\Users\Pichau\Documents\Workspace\Projetos\api-controle-orcamento\tests\Application\Controller\LoginControllerTest.php:34</failure>
          </testcase>
        </testsuite>
      </testsuite>
      <testsuite name="App\Test\Application\Controller\ReceitaControllerTest" file="C:\Users\Pichau\Documents\Workspace\Projetos\api-controle-orcamento\tests\Application\Controller\ReceitaControllerTest.php" tests="26" assertions="55" errors="0" warnings="0" failures="0" skipped="0" time="1.248036">
        <testsuite name="App\Test\Application\Controller\ReceitaControllerTest::testCreateAction" tests="7" assertions="14" errors="0" warnings="0" failures="0" skipped="0" time="0.508198">
          <testcase name="testCreateAction with data set &quot;teste cadastro realizado&quot;" class="App\Test\Application\Controller\ReceitaControllerTest" classname="App.Test.Application.Controller.ReceitaControllerTest" file="C:\Users\Pichau\Documents\Workspace\Projetos\api-controle-orcamento\tests\Application\Controller\ReceitaControllerTest.php" line="39" assertions="2" time="0.076274"/>
          <testcase name="testCreateAction with data set &quot;teste cadastro duplicado no mês&quot;" class="App\Test\Application\Controller\ReceitaControllerTest" classname="App.Test.Application.Controller.ReceitaControllerTest" file="C:\Users\Pichau\Documents\Workspace\Projetos\api-controle-orcamento\tests\Application\Controller\ReceitaControllerTest.php" line="39" assertions="2" time="0.072999"/>
          <testcase name="testCreateAction with data set &quot;teste cadastro descrição inválida&quot;" class="App\Test\Application\Controller\ReceitaControllerTest" classname="App.Test.Application.Controller.ReceitaControllerTest" file="C:\Users\Pichau\Documents\Workspace\Projetos\api-controle-orcamento\tests\Application\Controller\ReceitaControllerTest.php" line="39" assertions="2" time="0.072756"/>
          <testcase name="testCreateAction with data set &quot;teste cadastro valor inválido&quot;" class="App\Test\Application\Controller\ReceitaControllerTest" classname="App.Test.Application.Controller.ReceitaControllerTest" file="C:\Users\Pichau\Documents\Workspace\Projetos\api-controle-orcamento\tests\Application\Controller\ReceitaControllerTest.php" line="39" assertions="2" time="0.071313"/>
          <testcase name="testCreateAction with data set &quot;teste cadastro valor negativo&quot;" class="App\Test\Application\Controller\ReceitaControllerTest" classname="App.Test.Application.Controller.ReceitaControllerTest" file="C:\Users\Pichau\Documents\Workspace\Projetos\api-controle-orcamento\tests\Application\Controller\ReceitaControllerTest.php" line="39" assertions="2" time="0.071444"/>
          <testcase name="testCreateAction with data set &quot;teste cadastro data inválida&quot;" class="App\Test\Application\Controller\ReceitaControllerTest" classname="App.Test.Application.Controller.ReceitaControllerTest" file="C:\Users\Pichau\Documents\Workspace\Projetos\api-controle-orcamento\tests\Application\Controller\ReceitaControllerTest.php" line="39" assertions="2" time="0.072170"/>
          <testcase name="testCreateAction with data set &quot;teste cadastro com campos faltando&quot;" class="App\Test\Application\Controller\ReceitaControllerTest" classname="App.Test.Application.Controller.ReceitaControllerTest" file="C:\Users\Pichau\Documents\Workspace\Projetos\api-controle-orcamento\tests\Application\Controller\ReceitaControllerTest.php" line="39" assertions="2" time="0.071242"/>
        </testsuite>
        <testsuite name="App\Test\Application\Controller\ReceitaControllerTest::testReadAllAction" tests="4" assertions="12" errors="0" warnings="0" failures="0" skipped="0" time="0.075687">
          <testcase name="testReadAllAction with data set &quot;busca geral&quot;" class="App\Test\Application\Controller\ReceitaControllerTest" classname="App.Test.Application.Controller.ReceitaControllerTest" file="C:\Users\Pichau\Documents\Workspace\Projetos\api-controle-orcamento\tests\Application\Controller\ReceitaControllerTest.php" line="53" assertions="3" time="0.021016"/>
          <testcase name="testReadAllAction with data set &quot;busca aproximada&quot;" class="App\Test\Application\Controller\ReceitaControllerTest" classname="App.Test.Application.Controller.ReceitaControllerTest" file="C:\Users\Pichau\Documents\Workspace\Projetos\api-controle-orcamento\tests\Application\Controller\ReceitaControllerTest.php" line="53" assertions="3" time="0.019402"/>
          <testcase name="testReadAllAction with data set &quot;busca específica&quot;" class="App\Test\Application\Controller\ReceitaControllerTest" classname="App.Test.Application.Controller.ReceitaControllerTest" file="C:\Users\Pichau\Documents\Workspace\Projetos\api-controle-orcamento\tests\Application\Controller\ReceitaControllerTest.php" line="53" assertions="3" time="0.017469"/>
          <testcase name="testReadAllAction with data set &quot;busca inválida&quot;" class="App\Test\Application\Controller\ReceitaControllerTest" classname="App.Test.Application.Controller.ReceitaControllerTest" file="C:\Users\Pichau\Documents\Workspace\Projetos\api-controle-orcamento\tests\Application\Controller\ReceitaControllerTest.php" line="53" assertions="3" time="0.017800"/>
        </testsuite>
        <testcase name="testReadByIdAction" class="App\Test\Application\Controller\ReceitaControllerTest" classname="App.Test.Application.Controller.ReceitaControllerTest" file="C:\Users\Pichau\Documents\Workspace\Projetos\api-controle-orcamento\tests\Application\Controller\ReceitaControllerTest.php" line="67" assertions="2" time="0.019321"/>
        <testsuite name="App\Test\Application\Controller\ReceitaControllerTest::testReadByDateAction" tests="4" assertions="8" errors="0" warnings="0" failures="0" skipped="0" time="0.078674">
          <testcase name="testReadByDateAction with data set &quot;Janeiro de 2022&quot;" class="App\Test\Application\Controller\ReceitaControllerTest" classname="App.Test.Application.Controller.ReceitaControllerTest" file="C:\Users\Pichau\Documents\Workspace\Projetos\api-controle-orcamento\tests\Application\Controller\ReceitaControllerTest.php" line="87" assertions="2" time="0.019144"/>
          <testcase name="testReadByDateAction with data set &quot;Março de 2022&quot;" class="App\Test\Application\Controller\ReceitaControllerTest" classname="App.Test.Application.Controller.ReceitaControllerTest" file="C:\Users\Pichau\Documents\Workspace\Projetos\api-controle-orcamento\tests\Application\Controller\ReceitaControllerTest.php" line="87" assertions="2" time="0.018215"/>
          <testcase name="testReadByDateAction with data set &quot;Março de 2020&quot;" class="App\Test\Application\Controller\ReceitaControllerTest" classname="App.Test.Application.Controller.ReceitaControllerTest" file="C:\Users\Pichau\Documents\Workspace\Projetos\api-controle-orcamento\tests\Application\Controller\ReceitaControllerTest.php" line="87" assertions="2" time="0.022141"/>
          <testcase name="testReadByDateAction with data set &quot;Sem resultado&quot;" class="App\Test\Application\Controller\ReceitaControllerTest" classname="App.Test.Application.Controller.ReceitaControllerTest" file="C:\Users\Pichau\Documents\Workspace\Projetos\api-controle-orcamento\tests\Application\Controller\ReceitaControllerTest.php" line="87" assertions="2" time="0.019174"/>
        </testsuite>
        <testsuite name="App\Test\Application\Controller\ReceitaControllerTest::testUpdateAction" tests="7" assertions="14" errors="0" warnings="0" failures="0" skipped="0" time="0.513005">
          <testcase name="testUpdateAction with data set &quot;teste cadastro realizado&quot;" class="App\Test\Application\Controller\ReceitaControllerTest" classname="App.Test.Application.Controller.ReceitaControllerTest" file="C:\Users\Pichau\Documents\Workspace\Projetos\api-controle-orcamento\tests\Application\Controller\ReceitaControllerTest.php" line="103" assertions="2" time="0.074817"/>
          <testcase name="testUpdateAction with data set &quot;teste cadastro duplicado no mês&quot;" class="App\Test\Application\Controller\ReceitaControllerTest" classname="App.Test.Application.Controller.ReceitaControllerTest" file="C:\Users\Pichau\Documents\Workspace\Projetos\api-controle-orcamento\tests\Application\Controller\ReceitaControllerTest.php" line="103" assertions="2" time="0.073830"/>
          <testcase name="testUpdateAction with data set &quot;teste cadastro descrição inválida&quot;" class="App\Test\Application\Controller\ReceitaControllerTest" classname="App.Test.Application.Controller.ReceitaControllerTest" file="C:\Users\Pichau\Documents\Workspace\Projetos\api-controle-orcamento\tests\Application\Controller\ReceitaControllerTest.php" line="103" assertions="2" time="0.072671"/>
          <testcase name="testUpdateAction with data set &quot;teste cadastro valor inválido&quot;" class="App\Test\Application\Controller\ReceitaControllerTest" classname="App.Test.Application.Controller.ReceitaControllerTest" file="C:\Users\Pichau\Documents\Workspace\Projetos\api-controle-orcamento\tests\Application\Controller\ReceitaControllerTest.php" line="103" assertions="2" time="0.072966"/>
          <testcase name="testUpdateAction with data set &quot;teste cadastro valor negativo&quot;" class="App\Test\Application\Controller\ReceitaControllerTest" classname="App.Test.Application.Controller.ReceitaControllerTest" file="C:\Users\Pichau\Documents\Workspace\Projetos\api-controle-orcamento\tests\Application\Controller\ReceitaControllerTest.php" line="103" assertions="2" time="0.073035"/>
          <testcase name="testUpdateAction with data set &quot;teste cadastro data inválida&quot;" class="App\Test\Application\Controller\ReceitaControllerTest" classname="App.Test.Application.Controller.ReceitaControllerTest" file="C:\Users\Pichau\Documents\Workspace\Projetos\api-controle-orcamento\tests\Application\Controller\ReceitaControllerTest.php" line="103" assertions="2" time="0.072377"/>
          <testcase name="testUpdateAction with data set &quot;teste cadastro com campos faltando&quot;" class="App\Test\Application\Controller\ReceitaControllerTest" classname="App.Test.Application.Controller.ReceitaControllerTest" file="C:\Users\Pichau\Documents\Workspace\Projetos\api-controle-orcamento\tests\Application\Controller\ReceitaControllerTest.php" line="103" assertions="2" time="0.073310"/>
        </testsuite>
        <testcase name="testUpdateNotFoundAction" class="App\Test\Application\Controller\ReceitaControllerTest" classname="App.Test.Application.Controller.ReceitaControllerTest" file="C:\Users\Pichau\Documents\Workspace\Projetos\api-controle-orcamento\tests\Application\Controller\ReceitaControllerTest.php" line="121" assertions="2" time="0.017194"/>
        <testcase name="testDeleteAction" class="App\Test\Application\Controller\ReceitaControllerTest" classname="App.Test.Application.Controller.ReceitaControllerTest" file="C:\Users\Pichau\Documents\Workspace\Projetos\api-controle-orcamento\tests\Application\Controller\ReceitaControllerTest.php" line="135" assertions="1" time="0.018337"/>
        <testcase name="testDeleteNotFoundAction" class="App\Test\Application\Controller\ReceitaControllerTest" classname="App.Test.Application.Controller.ReceitaControllerTest" file="C:\Users\Pichau\Documents\Workspace\Projetos\api-controle-orcamento\tests\Application\Controller\ReceitaControllerTest.php" line="158" assertions="2" time="0.017619"/>
      </testsuite>
      <testsuite name="App\Controller\ResumoControllerTest" file="C:\Users\Pichau\Documents\Workspace\Projetos\api-controle-orcamento\tests\Application\Controller\ResumoControllerTest.php" tests="4" assertions="0" errors="4" warnings="0" failures="0" skipped="0" time="0.020030">
        <testsuite name="App\Controller\ResumoControllerTest::testReadSummaryAction" tests="4" assertions="0" errors="4" warnings="0" failures="0" skipped="0" time="0.020030">
          <testcase name="testReadSummaryAction with data set &quot;Janeiro de 2022&quot;" class="App\Controller\ResumoControllerTest" classname="App.Controller.ResumoControllerTest" file="C:\Users\Pichau\Documents\Workspace\Projetos\api-controle-orcamento\tests\Application\Controller\ResumoControllerTest.php" line="22" assertions="0" time="0.006944">
            <error type="PHPUnit\Framework\Error\Warning">App\Controller\ResumoControllerTest::testReadSummaryAction with data set "Janeiro de 2022" (2022, 1, array(12500, 12500, 0, array(array('Alimentação', 12500))))
Undefined array key "totalReceita"

C:\Users\Pichau\Documents\Workspace\Projetos\api-controle-orcamento\tests\Application\Controller\ResumoControllerTest.php:29</error>
          </testcase>
          <testcase name="testReadSummaryAction with data set &quot;Março de 2020&quot;" class="App\Controller\ResumoControllerTest" classname="App.Controller.ResumoControllerTest" file="C:\Users\Pichau\Documents\Workspace\Projetos\api-controle-orcamento\tests\Application\Controller\ResumoControllerTest.php" line="22" assertions="0" time="0.004545">
            <error type="PHPUnit\Framework\Error\Warning">App\Controller\ResumoControllerTest::testReadSummaryAction with data set "Março de 2020" (2020, 3, array(5000, 1500, 3500, array(array('Moradia', 1500))))
Undefined array key "totalReceita"

C:\Users\Pichau\Documents\Workspace\Projetos\api-controle-orcamento\tests\Application\Controller\ResumoControllerTest.php:29</error>
          </testcase>
          <testcase name="testReadSummaryAction with data set &quot;Janeiro de 2024&quot;" class="App\Controller\ResumoControllerTest" classname="App.Controller.ResumoControllerTest" file="C:\Users\Pichau\Documents\Workspace\Projetos\api-controle-orcamento\tests\Application\Controller\ResumoControllerTest.php" line="22" assertions="0" time="0.004357">
            <error type="PHPUnit\Framework\Error\Warning">App\Controller\ResumoControllerTest::testReadSummaryAction with data set "Janeiro de 2024" (2024, 1, array(0, 1500, -1500, array(array('Moradia', 500), array('Sáude', 500), array('Transporte', 500))))
Undefined array key "totalReceita"

C:\Users\Pichau\Documents\Workspace\Projetos\api-controle-orcamento\tests\Application\Controller\ResumoControllerTest.php:29</error>
          </testcase>
          <testcase name="testReadSummaryAction with data set &quot;Sem resultados&quot;" class="App\Controller\ResumoControllerTest" classname="App.Controller.ResumoControllerTest" file="C:\Users\Pichau\Documents\Workspace\Projetos\api-controle-orcamento\tests\Application\Controller\ResumoControllerTest.php" line="22" assertions="0" time="0.004185">
            <error type="PHPUnit\Framework\Error\Warning">App\Controller\ResumoControllerTest::testReadSummaryAction with data set "Sem resultados" (2019, 6, array(0, 0, 0, array()))
Undefined array key "totalReceita"

C:\Users\Pichau\Documents\Workspace\Projetos\api-controle-orcamento\tests\Application\Controller\ResumoControllerTest.php:29</error>
          </testcase>
        </testsuite>
      </testsuite>
    </testsuite>
  </testsuite>
</testsuites>
